<?xml version="1.0" encoding="UTF-8"?>
<!-- Generated by org.testng.reporters.JUnitReportReporter -->
<testsuite skipped="0" hostname="DESKTOP-N308L1J" name="test.LoginTest" tests="1" failures="0" timestamp="13 Mar 2022 17:29:37 GMT" time="9.254" errors="0">
  <testcase name="validUserShouldBeAbleToLogin" time="9.254" classname="test.LoginTest"/>
</testsuite> <!-- test.LoginTest -->
