<?xml version="1.0" encoding="UTF-8"?>
<!-- Generated by org.testng.reporters.JUnitReportReporter -->
<testsuite skipped="0" hostname="DESKTOP-N308L1J" name="test.AddCustomerTest" tests="1" failures="0" timestamp="13 Mar 2022 18:08:52 GMT" time="10.438" errors="0">
  <testcase name="validUserShouldBeAbleToCreateCustomer" time="10.438" classname="test.AddCustomerTest"/>
</testsuite> <!-- test.AddCustomerTest -->
